<?xml version="1.0" encoding="UTF-8"?>
<!-- Generated by org.testng.reporters.JUnitReportReporter -->
<testsuite hostname="LAPTOP-LIV4VTUT" failures="0" tests="1" name="tests.LoginTest" time="33.827" errors="0" timestamp="2024-12-16T23:26:00 IST" skipped="0">
  <testcase classname="tests.LoginTest" name="login" time="33.827"/>
  <system-out/>
</testsuite> <!-- tests.LoginTest -->
